Fri 05 May 2023 12:39:50 PM UTC: 
 sudoku.c | 4 ++--
 1 file changed, 2 insertions(+), 2 deletions(-)
test.c:245:5: error: redefinition of ‘main’
  245 | int main( int argc, char *argv[] ) {
      |     ^~~~
In file included from test.c:5:
sudoku.c:69:5: note: previous definition of ‘main’ with type ‘int(int,  char **)’
   69 | int main( int argc, char *argv[] ){
      |     ^~~~
Compilation failed
ac31fca
Fri 05 May 2023 12:41:14 PM UTC: 
 sudoku.c | 6 ++----
 1 file changed, 2 insertions(+), 4 deletions(-)
 tests:  0|5
total_score: 0/70
0e3b334
Fri 05 May 2023 11:35:41 PM UTC: 
 sudoku.c | 15 +++++++++++++++
 1 file changed, 15 insertions(+)
In file included from test.c:5:
sudoku.c: In function ‘get_adj_nodes’:
sudoku.c:57:11: error: unused variable ‘num’ [-Werror=unused-variable]
   57 |       int num = 1;
      |           ^~~
cc1: all warnings being treated as errors
Compilation failed
4785991
Fri 05 May 2023 11:35:59 PM UTC: 
 sudoku.c | 2 +-
 1 file changed, 1 insertion(+), 1 deletion(-)
 tests:  0|5
total_score: 0/70
d021b39
Fri 05 May 2023 11:41:27 PM UTC: 
 sudoku.c | 15 ++++++++++-----
 1 file changed, 10 insertions(+), 5 deletions(-)
 tests:  2|4
total_score: 15/70
f0e745e
Fri 05 May 2023 11:42:08 PM UTC: 
 sudoku.c | 4 ++--
 1 file changed, 2 insertions(+), 2 deletions(-)
test.c:245:5: error: redefinition of ‘main’
  245 | int main( int argc, char *argv[] ) {
      |     ^~~~
In file included from test.c:5:
sudoku.c:87:5: note: previous definition of ‘main’ with type ‘int(int,  char **)’
   87 | int main( int argc, char *argv[] ){
      |     ^~~~
Compilation failed
4933d84
Fri 05 May 2023 11:42:20 PM UTC: 
 sudoku.c | 4 ++--
 1 file changed, 2 insertions(+), 2 deletions(-)
In file included from test.c:5:
sudoku.c:97:1: error: expected identifier or ‘(’ before ‘}’ token
   97 | }
      | ^
Compilation failed
f1b88f2
Fri 05 May 2023 11:42:32 PM UTC: 
 sudoku.c | 4 ++--
 1 file changed, 2 insertions(+), 2 deletions(-)
 tests:  2|4
total_score: 15/70
3687e7c
Fri 05 May 2023 11:51:28 PM UTC: 
 sudoku.c | 24 ++++++++++++++++++++++++
 1 file changed, 24 insertions(+)
In file included from test.c:5:
sudoku.c: In function ‘is_valid’:
sudoku.c:68:11: error: unused variable ‘array’ [-Werror=unused-variable]
   68 |       int array[10] = {0};
      |           ^~~~~
cc1: all warnings being treated as errors
Compilation failed
e3b319c
Fri 05 May 2023 11:53:00 PM UTC: 
 sudoku.c | 14 ++++++--------
 1 file changed, 6 insertions(+), 8 deletions(-)
 tests:  0|5
total_score: 0/70
046be95
Fri 05 May 2023 11:53:14 PM UTC: 
 sudoku.c | 2 +-
 1 file changed, 1 insertion(+), 1 deletion(-)
 tests:  2|4
total_score: 15/70
8023c2b
Fri 05 May 2023 11:55:02 PM UTC: 
 sudoku.c | 6 ++++++
 1 file changed, 6 insertions(+)
In file included from test.c:5:
sudoku.c: In function ‘is_valid’:
sudoku.c:70:11: error: unused variable ‘casillax’ [-Werror=unused-variable]
   70 |       int casillax = n->sudo[i][j];
      |           ^~~~~~~~
sudoku.c:68:11: error: unused variable ‘array’ [-Werror=unused-variable]
   68 |       int array[10] = {0};
      |           ^~~~~
cc1: all warnings being treated as errors
Compilation failed
ad3f296
Fri 05 May 2023 11:57:15 PM UTC: 
 sudoku.c | 8 +++++++-
 1 file changed, 7 insertions(+), 1 deletion(-)
 tests:  2|4
total_score: 15/70
636efd3
Fri 05 May 2023 11:59:21 PM UTC: 
 sudoku.c | 25 +++++++++++++++++++++++++
 1 file changed, 25 insertions(+)
 tests:  2|4
total_score: 15/70
1dab432
Fri 05 May 2023 11:59:47 PM UTC: 
 sudoku.c | 8 ++++----
 1 file changed, 4 insertions(+), 4 deletions(-)
 tests:  2|4
total_score: 15/70
fa3b71b
Sat 06 May 2023 12:05:45 AM UTC: 
 sudoku.c | 14 ++++++++++++++
 1 file changed, 14 insertions(+)
In file included from test.c:5:
sudoku.c: In function ‘is_valid’:
sudoku.c:105:11: error: unused variable ‘t’ [-Werror=unused-variable]
  105 |       int t = j=3*(k%3)+(j%3);
      |           ^
sudoku.c:104:11: error: unused variable ‘z’ [-Werror=unused-variable]
  104 |       int z = 3*(k/3)+(j/3);
      |           ^
sudoku.c:101:9: error: unused variable ‘array’ [-Werror=unused-variable]
  101 |     int array[10] = {0};
      |         ^~~~~
cc1: all warnings being treated as errors
Compilation failed
daa456b
Sat 06 May 2023 12:06:38 AM UTC: 
 sudoku.c | 1 +
 1 file changed, 1 insertion(+)
In file included from test.c:5:
sudoku.c: In function ‘is_valid’:
sudoku.c:101:9: error: unused variable ‘array’ [-Werror=unused-variable]
  101 |     int array[10] = {0};
      |         ^~~~~
cc1: all warnings being treated as errors
Compilation failed
7e31d38
Sat 06 May 2023 12:08:13 AM UTC: 
 sudoku.c | 6 +++++-
 1 file changed, 5 insertions(+), 1 deletion(-)
In file included from test.c:5:
sudoku.c: In function ‘is_valid’:
sudoku.c:107:11: error: unused variable ‘t’ [-Werror=unused-variable]
  107 |       int t = j=3*(k%3)+(j%3);
      |           ^
sudoku.c:106:11: error: unused variable ‘z’ [-Werror=unused-variable]
  106 |       int z = 3*(k/3)+(j/3);
      |           ^
sudoku.c:101:9: error: unused variable ‘array’ [-Werror=unused-variable]
  101 |     int array[10] = {0};
      |         ^~~~~
cc1: all warnings being treated as errors
Compilation failed
7c786cf
Sat 06 May 2023 12:10:14 AM UTC: 
 sudoku.c | 16 ++++++++++++++--
 1 file changed, 14 insertions(+), 2 deletions(-)
test.c: In function ‘is_valid’:
test.c:245:5: error: ‘main’ is normally a non-static function [-Werror=main]
  245 | int main( int argc, char *argv[] ) {
      |     ^~~~
test.c:262:1: error: expected declaration or statement at end of input
  262 | }
      | ^
test.c:262:1: error: expected declaration or statement at end of input
test.c:263: error: control reaches end of non-void function [-Werror=return-type]
At top level:
test.c:245:5: error: ‘main’ defined but not used [-Werror=unused-function]
  245 | int main( int argc, char *argv[] ) {
      |     ^~~~
test.c:7:8: error: ‘_strdup’ defined but not used [-Werror=unused-function]
    7 | char * _strdup(const char * str) {
      |        ^~~~~~~
cc1: all warnings being treated as errors
Compilation failed
c47bd85
Sat 06 May 2023 12:10:33 AM UTC: 
 sudoku.c | 2 +-
 1 file changed, 1 insertion(+), 1 deletion(-)
test.c: In function ‘is_valid’:
test.c:245:5: error: ‘main’ is normally a non-static function [-Werror=main]
  245 | int main( int argc, char *argv[] ) {
      |     ^~~~
test.c:262:1: error: expected declaration or statement at end of input
  262 | }
      | ^
test.c:262:1: error: expected declaration or statement at end of input
test.c:263: error: control reaches end of non-void function [-Werror=return-type]
At top level:
test.c:245:5: error: ‘main’ defined but not used [-Werror=unused-function]
  245 | int main( int argc, char *argv[] ) {
      |     ^~~~
test.c:7:8: error: ‘_strdup’ defined but not used [-Werror=unused-function]
    7 | char * _strdup(const char * str) {
      |        ^~~~~~~
cc1: all warnings being treated as errors
Compilation failed
5c39732
Sat 06 May 2023 12:12:06 AM UTC: 
 sudoku.c | 26 ++++++--------------------
 1 file changed, 6 insertions(+), 20 deletions(-)
test.c: In function ‘is_valid’:
test.c:245:5: error: ‘main’ is normally a non-static function [-Werror=main]
  245 | int main( int argc, char *argv[] ) {
      |     ^~~~
test.c:262:1: error: expected declaration or statement at end of input
  262 | }
      | ^
test.c:262:1: error: expected declaration or statement at end of input
test.c:263: error: control reaches end of non-void function [-Werror=return-type]
At top level:
test.c:245:5: error: ‘main’ defined but not used [-Werror=unused-function]
  245 | int main( int argc, char *argv[] ) {
      |     ^~~~
test.c:7:8: error: ‘_strdup’ defined but not used [-Werror=unused-function]
    7 | char * _strdup(const char * str) {
      |        ^~~~~~~
cc1: all warnings being treated as errors
Compilation failed
9d3f53c
Sat 06 May 2023 12:12:23 AM UTC: 
 sudoku.c | 4 ++--
 1 file changed, 2 insertions(+), 2 deletions(-)
In file included from test.c:5:
sudoku.c: In function ‘is_valid’:
sudoku.c:163:5: error: ‘main’ is normally a non-static function [-Werror=main]
  163 | int main( int argc, char *argv[] ){
      |     ^~~~
test.c:245:5: error: ‘main’ is normally a non-static function [-Werror=main]
  245 | int main( int argc, char *argv[] ) {
      |     ^~~~
test.c:245:5: error: redefinition of ‘main’
In file included from test.c:5:
sudoku.c:163:5: note: previous definition of ‘main’ with type ‘int(int,  char **)’
  163 | int main( int argc, char *argv[] ){
      |     ^~~~
test.c:262:1: error: expected declaration or statement at end of input
  262 | }
      | ^
test.c:262:1: error: expected declaration or statement at end of input
test.c:263: error: control reaches end of non-void function [-Werror=return-type]
At top level:
test.c:245:5: error: ‘main’ defined but not used [-Werror=unused-function]
  245 | int main( int argc, char *argv[] ) {
      |     ^~~~
test.c:7:8: error: ‘_strdup’ defined but not used [-Werror=unused-function]
    7 | char * _strdup(const char * str) {
      |        ^~~~~~~
In file included from test.c:5:
sudoku.c:163:5: error: ‘main’ defined but not used [-Werror=unused-function]
  163 | int main( int argc, char *argv[] ){
      |     ^~~~
cc1: all warnings being treated as errors
Compilation failed
4d7e6fa
Sat 06 May 2023 12:15:13 AM UTC: 
 sudoku.c | 14 ++------------
 1 file changed, 2 insertions(+), 12 deletions(-)
test.c: In function ‘is_valid’:
test.c:245:5: error: ‘main’ is normally a non-static function [-Werror=main]
  245 | int main( int argc, char *argv[] ) {
      |     ^~~~
test.c:262:1: error: expected declaration or statement at end of input
  262 | }
      | ^
test.c:262:1: error: expected declaration or statement at end of input
test.c:263: error: control reaches end of non-void function [-Werror=return-type]
At top level:
test.c:245:5: error: ‘main’ defined but not used [-Werror=unused-function]
  245 | int main( int argc, char *argv[] ) {
      |     ^~~~
test.c:7:8: error: ‘_strdup’ defined but not used [-Werror=unused-function]
    7 | char * _strdup(const char * str) {
      |        ^~~~~~~
cc1: all warnings being treated as errors
Compilation failed
bc19beb
Sat 06 May 2023 12:17:32 AM UTC: 
 sudoku.c | 8 ++++----
 1 file changed, 4 insertions(+), 4 deletions(-)
In file included from test.c:5:
sudoku.c: In function ‘is_valid’:
sudoku.c:150:5: error: ‘main’ is normally a non-static function [-Werror=main]
  150 | int main( int argc, char *argv[] ){
      |     ^~~~
test.c:245:5: error: ‘main’ is normally a non-static function [-Werror=main]
  245 | int main( int argc, char *argv[] ) {
      |     ^~~~
test.c:245:5: error: redefinition of ‘main’
In file included from test.c:5:
sudoku.c:150:5: note: previous definition of ‘main’ with type ‘int(int,  char **)’
  150 | int main( int argc, char *argv[] ){
      |     ^~~~
test.c:262:1: error: expected declaration or statement at end of input
  262 | }
      | ^
test.c:262:1: error: expected declaration or statement at end of input
test.c:263: error: control reaches end of non-void function [-Werror=return-type]
At top level:
test.c:245:5: error: ‘main’ defined but not used [-Werror=unused-function]
  245 | int main( int argc, char *argv[] ) {
      |     ^~~~
test.c:7:8: error: ‘_strdup’ defined but not used [-Werror=unused-function]
    7 | char * _strdup(const char * str) {
      |        ^~~~~~~
In file included from test.c:5:
sudoku.c:150:5: error: ‘main’ defined but not used [-Werror=unused-function]
  150 | int main( int argc, char *argv[] ){
      |     ^~~~
cc1: all warnings being treated as errors
Compilation failed
3d1662a
Sat 06 May 2023 12:18:05 AM UTC: 
 sudoku.c | 8 ++++----
 1 file changed, 4 insertions(+), 4 deletions(-)
test.c: In function ‘is_valid’:
test.c:245:5: error: ‘main’ is normally a non-static function [-Werror=main]
  245 | int main( int argc, char *argv[] ) {
      |     ^~~~
test.c:262:1: error: expected declaration or statement at end of input
  262 | }
      | ^
test.c:262:1: error: expected declaration or statement at end of input
test.c:263: error: control reaches end of non-void function [-Werror=return-type]
At top level:
test.c:245:5: error: ‘main’ defined but not used [-Werror=unused-function]
  245 | int main( int argc, char *argv[] ) {
      |     ^~~~
test.c:7:8: error: ‘_strdup’ defined but not used [-Werror=unused-function]
    7 | char * _strdup(const char * str) {
      |        ^~~~~~~
cc1: all warnings being treated as errors
Compilation failed
b4ef613
Sat 06 May 2023 12:19:32 AM UTC: 
 sudoku.c | 1 +
 1 file changed, 1 insertion(+)
test.c: In function ‘is_valid’:
test.c:245:5: error: ‘main’ is normally a non-static function [-Werror=main]
  245 | int main( int argc, char *argv[] ) {
      |     ^~~~
test.c:262:1: error: expected declaration or statement at end of input
  262 | }
      | ^
test.c:263: error: control reaches end of non-void function [-Werror=return-type]
At top level:
test.c:245:5: error: ‘main’ defined but not used [-Werror=unused-function]
  245 | int main( int argc, char *argv[] ) {
      |     ^~~~
test.c:7:8: error: ‘_strdup’ defined but not used [-Werror=unused-function]
    7 | char * _strdup(const char * str) {
      |        ^~~~~~~
cc1: all warnings being treated as errors
Compilation failed
eb9f2fa
Sat 06 May 2023 12:20:02 AM UTC: 
 sudoku.c | 1 +
 1 file changed, 1 insertion(+)
 tests:  0|5
total_score: 0/70
8620026
Sat 06 May 2023 12:20:57 AM UTC: 
 sudoku.c | 3 ++-
 1 file changed, 2 insertions(+), 1 deletion(-)
 tests:  0|5
total_score: 0/70
cc70285
Sat 06 May 2023 12:23:07 AM UTC: 
 sudoku.c | 9 +++------
 1 file changed, 3 insertions(+), 6 deletions(-)
 tests:  0|5
total_score: 0/70
b6e4429
Sat 06 May 2023 12:24:30 AM UTC: 
 sudoku.c | 6 +++---
 1 file changed, 3 insertions(+), 3 deletions(-)
 tests:  0|5
total_score: 0/70
b3b6366
Sat 06 May 2023 12:29:41 AM UTC: 
 sudoku.c | 5 ++---
 1 file changed, 2 insertions(+), 3 deletions(-)
 tests:  0|5
total_score: 0/70
8afcf08
Sat 06 May 2023 12:30:14 AM UTC: 
 sudoku.c | 2 +-
 1 file changed, 1 insertion(+), 1 deletion(-)
 tests:  0|5
total_score: 0/70
54214cb
